<?xml version="1.0" encoding="UTF-8"?>
<!-- Generated by org.testng.reporters.JUnitReportReporter -->
<testsuite hostname="DESKTOP-AHMVOFE" name="POI.HTMLfile" tests="2" failures="0" timestamp="5 Dec 2017 19:44:06 GMT" time="0.015" errors="0">
  <testcase name="createTXT" time="0.005" classname="POI.HTMLfile"/>
  <testcase name="createHTML" time="0.010" classname="POI.HTMLfile"/>
</testsuite> <!-- POI.HTMLfile -->
