<?xml version="1.0" encoding="UTF-8"?>
<!-- Generated by org.testng.reporters.JUnitReportReporter -->
<testsuite hostname="DESKTOP-AHMVOFE" name="POI.HTMLFile2" tests="1" failures="0" timestamp="5 Dec 2017 19:56:05 GMT" time="0.008" errors="0">
  <testcase name="f" time="0.008" classname="POI.HTMLFile2"/>
</testsuite> <!-- POI.HTMLFile2 -->
