<?xml version="1.0" encoding="UTF-8"?>
<!-- Generated by org.testng.reporters.JUnitReportReporter -->
<testsuite hostname="DESKTOP-AHMVOFE" name="appium.whatsapp" tests="1" failures="0" timestamp="20 Oct 2019 19:26:07 GMT" time="14.095" errors="0">
  <testcase name="f" time="14.095" classname="appium.whatsapp"/>
</testsuite> <!-- appium.whatsapp -->
