<?xml version="1.0" encoding="UTF-8"?>
<!-- Generated by org.testng.reporters.JUnitReportReporter -->
<testsuite hostname="DESKTOP-AHMVOFE" name="appium.Swipe_L_R" tests="1" failures="0" timestamp="9 Nov 2017 14:21:33 GMT" time="24.196" errors="0">
  <testcase name="f" time="24.196" classname="appium.Swipe_L_R"/>
</testsuite> <!-- appium.Swipe_L_R -->
