<?xml version="1.0" encoding="UTF-8"?>
<!-- Generated by org.testng.reporters.JUnitReportReporter -->
<testsuite hostname="DESKTOP-AHMVOFE" name="POI.Create_Textfile" tests="1" failures="0" timestamp="21 Dec 2017 14:17:02 GMT" time="0.014" errors="0">
  <testcase name="f" time="0.014" classname="POI.Create_Textfile"/>
</testsuite> <!-- POI.Create_Textfile -->
