<?xml version="1.0" encoding="UTF-8"?>
<!-- Generated by org.testng.reporters.JUnitReportReporter -->
<testsuite hostname="DESKTOP-AHMVOFE" name="POM.HMS_P" tests="2" failures="0" timestamp="30 Jun 2019 19:07:42 GMT" time="33.067" errors="0">
  <testcase name="launchUrl" time="10.649" classname="POM.HMS_P"/>
  <testcase name="login" time="22.418" classname="POM.HMS_P"/>
</testsuite> <!-- POM.HMS_P -->
