<?xml version="1.0" encoding="UTF-8"?>
<!-- Generated by org.testng.reporters.JUnitReportReporter -->
<testsuite hostname="DESKTOP-AHMVOFE" name="TestNG.Actions_KB_Mouse" tests="1" failures="0" timestamp="30 Nov 2017 07:32:45 GMT" time="47.620" errors="0">
  <testcase name="f" time="47.620" classname="TestNG.Actions_KB_Mouse"/>
</testsuite> <!-- TestNG.Actions_KB_Mouse -->
