<?xml version="1.0" encoding="UTF-8"?>
<!-- Generated by org.testng.reporters.JUnitReportReporter -->
<testsuite hostname="DESKTOP-AHMVOFE" name="appium.whatsapp_msg" tests="1" failures="0" timestamp="20 Oct 2019 19:28:31 GMT" time="19.068" errors="0">
  <testcase name="f" time="19.068" classname="appium.whatsapp_msg"/>
</testsuite> <!-- appium.whatsapp_msg -->
