<?xml version="1.0" encoding="UTF-8"?>
<!-- Generated by org.testng.reporters.JUnitReportReporter -->
<testsuite hostname="DESKTOP-AHMVOFE" name="TestNG.tooltip" tests="1" failures="0" timestamp="10 Feb 2021 10:54:03 GMT" time="6.226" errors="0">
  <testcase name="f" time="6.226" classname="TestNG.tooltip"/>
</testsuite> <!-- TestNG.tooltip -->
