<?xml version="1.0" encoding="UTF-8"?>
<!-- Generated by org.testng.reporters.JUnitReportReporter -->
<testsuite hostname="DESKTOP-AHMVOFE" name="POI.Create_HTML" tests="1" failures="0" timestamp="21 Dec 2017 14:03:05 GMT" time="0.012" errors="0">
  <testcase name="f" time="0.012" classname="POI.Create_HTML"/>
</testsuite> <!-- POI.Create_HTML -->
