<?xml version="1.0" encoding="UTF-8"?>
<!-- Generated by org.testng.reporters.JUnitReportReporter -->
<testsuite hostname="DESKTOP-AHMVOFE" name="TestNG.NewTest" tests="1" failures="0" timestamp="13 Oct 2017 11:57:58 GMT" time="1.285" errors="0">
  <testcase name="login" time="1.285" classname="TestNG.NewTest"/>
</testsuite> <!-- TestNG.NewTest -->
