<?xml version="1.0" encoding="UTF-8"?>
<!-- Generated by org.testng.reporters.JUnitReportReporter -->
<testsuite hostname="DESKTOP-AHMVOFE" name="POI.ReadData" tests="1" failures="0" timestamp="9 Jun 2018 13:00:17 GMT" time="0.656" errors="0">
  <testcase name="f" time="0.656" classname="POI.ReadData"/>
</testsuite> <!-- POI.ReadData -->
